TN:
SF:app.js
FNF:0
FNH:0
DA:1,4
DA:2,4
DA:5,4
DA:6,4
DA:7,4
DA:8,4
DA:9,4
DA:11,4
DA:13,4
DA:15,4
DA:17,4
DA:18,4
DA:20,4
LF:13
LH:13
BRDA:1,0,0,4
BRDA:1,0,1,0
BRF:2
BRH:1
end_of_record
TN:
SF:controllers\CartController.js
FN:4,(anonymous_0)
FN:22,(anonymous_1)
FN:46,(anonymous_2)
FN:77,(anonymous_3)
FNF:4
FNH:4
FNDA:1,(anonymous_0)
FNDA:1,(anonymous_1)
FNDA:3,(anonymous_2)
FNDA:2,(anonymous_3)
DA:1,4
DA:5,1
DA:6,1
DA:8,1
DA:9,1
DA:15,1
DA:17,0
DA:18,0
DA:23,1
DA:25,1
DA:26,1
DA:36,1
DA:37,0
DA:40,1
DA:42,0
DA:47,3
DA:48,3
DA:49,3
DA:51,3
DA:52,1
DA:53,1
DA:57,2
DA:59,2
DA:60,1
DA:61,1
DA:64,1
DA:65,1
DA:67,1
DA:73,0
DA:78,2
DA:81,2
DA:82,2
DA:88,2
DA:89,1
DA:92,1
DA:94,0
DA:98,4
LF:37
LH:31
BRDA:36,0,0,0
BRDA:36,0,1,1
BRDA:51,1,0,1
BRDA:51,1,1,2
BRDA:59,2,0,1
BRDA:59,2,1,1
BRDA:88,3,0,1
BRDA:88,3,1,1
BRF:8
BRH:7
end_of_record
TN:
SF:controllers\HomePageController.js
FN:6,(anonymous_0)
FN:14,(anonymous_1)
FN:30,(anonymous_2)
FNF:3
FNH:2
FNDA:0,(anonymous_0)
FNDA:2,(anonymous_1)
FNDA:2,(anonymous_2)
DA:1,4
DA:2,4
DA:3,4
DA:7,0
DA:8,0
DA:10,0
DA:15,2
DA:16,2
DA:18,2
DA:19,2
DA:20,2
DA:21,2
DA:23,2
DA:24,2
DA:26,0
DA:31,2
DA:32,2
DA:35,2
DA:40,2
DA:41,0
DA:42,0
DA:45,2
DA:47,2
DA:50,0
DA:54,4
LF:25
LH:18
BRDA:19,0,0,1
BRDA:19,0,1,1
BRDA:20,1,0,1
BRDA:20,1,1,1
BRDA:21,2,0,1
BRDA:21,2,1,1
BRDA:40,3,0,0
BRDA:40,3,1,2
BRF:8
BRH:7
end_of_record
TN:
SF:controllers\ProfileController.js
FN:4,(anonymous_0)
FN:22,(anonymous_1)
FNF:2
FNH:2
FNDA:1,(anonymous_0)
FNDA:6,(anonymous_1)
DA:1,4
DA:5,1
DA:6,1
DA:7,1
DA:11,1
DA:12,0
DA:13,0
DA:16,1
DA:18,0
DA:23,6
DA:24,6
DA:26,6
DA:27,6
DA:28,6
DA:29,1
DA:35,5
DA:36,2
DA:43,3
DA:49,3
DA:50,1
DA:53,2
DA:54,1
DA:57,1
DA:58,1
DA:59,0
DA:63,1
DA:65,1
DA:75,0
DA:76,0
DA:81,4
LF:30
LH:24
BRDA:11,0,0,0
BRDA:11,0,1,1
BRDA:26,1,0,6
BRDA:26,1,1,0
BRDA:28,2,0,1
BRDA:28,2,1,5
BRDA:28,3,0,6
BRDA:28,3,1,6
BRDA:35,4,0,2
BRDA:35,4,1,3
BRDA:44,5,0,1
BRDA:44,5,1,2
BRDA:45,6,0,1
BRDA:45,6,1,2
BRDA:46,7,0,0
BRDA:46,7,1,3
BRDA:49,8,0,1
BRDA:49,8,1,2
BRDA:53,9,0,1
BRDA:53,9,1,1
BRDA:58,10,0,0
BRDA:58,10,1,1
BRF:22
BRH:18
end_of_record
TN:
SF:controllers\UsersController.js
FN:9,(anonymous_0)
FN:35,(anonymous_1)
FN:74,(anonymous_2)
FN:99,(anonymous_3)
FN:125,(anonymous_4)
FNF:5
FNH:5
FNDA:1,(anonymous_0)
FNDA:3,(anonymous_1)
FNDA:3,(anonymous_2)
FNDA:4,(anonymous_3)
FNDA:5,(anonymous_4)
DA:1,4
DA:2,4
DA:3,4
DA:4,4
DA:5,4
DA:6,4
DA:10,1
DA:11,1
DA:12,1
DA:18,1
DA:21,1
DA:22,1
DA:23,0
DA:26,1
DA:28,1
DA:30,0
DA:31,0
DA:36,3
DA:37,3
DA:39,3
DA:52,3
DA:54,3
DA:55,1
DA:59,2
DA:65,2
DA:68,2
DA:74,3
DA:76,2
DA:77,1
DA:80,1
DA:81,1
DA:82,1
DA:89,1
DA:91,1
DA:93,0
DA:94,0
DA:100,4
DA:101,4
DA:102,4
DA:103,1
DA:104,1
DA:106,3
DA:107,1
DA:108,1
DA:110,2
DA:111,1
DA:112,1
DA:115,1
DA:116,1
DA:121,0
DA:126,5
DA:127,5
DA:128,5
DA:129,1
DA:130,1
DA:132,4
DA:133,1
DA:134,1
DA:138,3
DA:139,3
DA:142,3
DA:143,1
DA:144,1
DA:147,2
DA:148,2
DA:149,1
DA:150,1
DA:153,1
DA:154,1
DA:156,0
DA:157,0
DA:162,4
LF:72
LH:64
BRDA:22,0,0,0
BRDA:22,0,1,1
BRDA:54,1,0,1
BRDA:54,1,1,2
BRDA:74,2,0,3
BRDA:74,2,1,2
BRDA:76,3,0,1
BRDA:76,3,1,1
BRDA:81,4,0,1
BRDA:81,4,1,0
BRDA:102,5,0,1
BRDA:102,5,1,3
BRDA:106,6,0,1
BRDA:106,6,1,2
BRDA:110,7,0,1
BRDA:110,7,1,1
BRDA:128,8,0,1
BRDA:128,8,1,4
BRDA:132,9,0,1
BRDA:132,9,1,3
BRDA:138,10,0,3
BRDA:138,10,1,0
BRDA:142,11,0,1
BRDA:142,11,1,2
BRDA:148,12,0,1
BRDA:148,12,1,1
BRF:26
BRH:23
end_of_record
TN:
SF:helpers\gemini.js
FN:5,getRecommendation
FN:21,(anonymous_1)
FNF:2
FNH:2
FNDA:2,getRecommendation
FNDA:42,(anonymous_1)
DA:1,4
DA:3,4
DA:6,2
DA:7,2
DA:8,2
DA:11,2
DA:21,42
DA:58,2
DA:59,2
DA:61,2
DA:63,2
DA:65,0
DA:66,0
DA:70,4
LF:14
LH:12
BRF:0
BRH:0
end_of_record
TN:
SF:helpers\hashPassword.js
FN:3,(anonymous_0)
FN:8,(anonymous_1)
FNF:2
FNH:2
FNDA:10,(anonymous_0)
FNDA:2,(anonymous_1)
DA:1,4
DA:3,4
DA:4,10
DA:5,10
DA:8,4
DA:9,2
DA:12,4
LF:7
LH:7
BRF:0
BRH:0
end_of_record
TN:
SF:helpers\jwt.js
FN:5,signToken
FN:9,verifyToken
FNF:2
FNH:2
FNDA:6,signToken
FNDA:19,verifyToken
DA:1,4
DA:3,4
DA:6,6
DA:10,19
DA:13,4
LF:5
LH:5
BRF:0
BRH:0
end_of_record
TN:
SF:middlewares\authentication.js
FN:4,authentication
FNF:1
FNH:1
FNDA:23,authentication
DA:1,4
DA:2,4
DA:5,23
DA:6,23
DA:7,4
DA:8,4
DA:10,19
DA:11,19
DA:12,0
DA:13,0
DA:16,19
DA:17,19
DA:18,18
DA:19,18
DA:20,0
DA:21,0
DA:24,18
DA:25,18
DA:27,1
DA:30,4
LF:20
LH:16
BRDA:6,0,0,4
BRDA:6,0,1,19
BRDA:11,1,0,0
BRDA:11,1,1,19
BRDA:19,2,0,0
BRDA:19,2,1,18
BRF:6
BRH:4
end_of_record
TN:
SF:middlewares\errorhandler.js
FN:1,errorHandler
FNF:1
FNH:1
FNDA:20,errorHandler
DA:3,20
DA:6,0
DA:7,0
DA:9,11
DA:10,11
DA:12,6
DA:13,6
DA:15,0
DA:16,0
DA:18,2
DA:19,2
DA:21,1
DA:22,1
DA:24,0
DA:28,4
LF:15
LH:10
BRDA:3,0,0,0
BRDA:3,0,1,0
BRDA:3,0,2,11
BRDA:3,0,3,6
BRDA:3,0,4,0
BRDA:3,0,5,2
BRDA:3,0,6,1
BRDA:3,0,7,0
BRF:8
BRH:4
end_of_record
TN:
SF:models\cart.js
FN:3,(anonymous_0)
FN:10,(anonymous_1)
FNF:2
FNH:2
FNDA:4,(anonymous_0)
FNDA:4,(anonymous_1)
DA:2,4
DA:3,4
DA:12,4
DA:13,4
DA:16,4
DA:30,4
LF:6
LH:6
BRF:0
BRH:0
end_of_record
TN:
SF:models\index.js
FN:21,(anonymous_0)
FN:29,(anonymous_1)
FN:34,(anonymous_2)
FNF:3
FNH:3
FNDA:16,(anonymous_0)
FNDA:12,(anonymous_1)
FNDA:12,(anonymous_2)
DA:3,4
DA:4,4
DA:5,4
DA:6,4
DA:7,4
DA:8,4
DA:9,4
DA:10,4
DA:13,4
DA:14,0
DA:16,4
DA:19,4
DA:22,16
DA:30,12
DA:31,12
DA:34,4
DA:35,12
DA:36,12
DA:40,4
DA:41,4
DA:43,4
LF:21
LH:20
BRDA:8,0,0,4
BRDA:8,0,1,0
BRDA:13,1,0,0
BRDA:13,1,1,4
BRDA:23,2,0,16
BRDA:23,2,1,16
BRDA:23,2,2,12
BRDA:23,2,3,12
BRDA:35,3,0,12
BRDA:35,3,1,0
BRF:10
BRH:7
end_of_record
TN:
SF:models\product.js
FN:5,(anonymous_0)
FN:12,(anonymous_1)
FNF:2
FNH:2
FNDA:4,(anonymous_0)
FNDA:4,(anonymous_1)
DA:4,4
DA:5,4
DA:14,4
DA:17,4
DA:28,4
LF:5
LH:5
BRF:0
BRH:0
end_of_record
TN:
SF:models\user.js
FN:4,(anonymous_0)
FN:11,(anonymous_1)
FN:32,(anonymous_2)
FNF:3
FNH:3
FNDA:4,(anonymous_0)
FNDA:4,(anonymous_1)
FNDA:3,(anonymous_2)
DA:2,4
DA:3,4
DA:4,4
DA:13,4
DA:16,4
DA:33,3
DA:38,4
LF:7
LH:7
BRF:0
BRH:0
end_of_record
TN:
SF:routers\cart.js
FNF:0
FNH:0
DA:1,4
DA:2,4
DA:4,4
DA:5,4
DA:6,4
DA:7,4
DA:9,4
LF:7
LH:7
BRF:0
BRH:0
end_of_record
TN:
SF:routers\index.js
FNF:0
FNH:0
DA:1,4
DA:3,4
DA:4,4
DA:5,4
DA:6,4
DA:7,4
DA:8,4
DA:9,4
DA:11,4
DA:12,4
DA:13,4
DA:14,4
DA:15,4
DA:16,4
DA:18,4
LF:15
LH:15
BRF:0
BRH:0
end_of_record
TN:
SF:routers\products.js
FNF:0
FNH:0
DA:1,4
DA:2,4
DA:4,4
DA:5,4
DA:7,4
LF:5
LH:5
BRF:0
BRH:0
end_of_record
TN:
SF:routers\profile.js
FNF:0
FNH:0
DA:1,4
DA:2,4
DA:4,4
DA:5,4
DA:7,4
LF:5
LH:5
BRF:0
BRH:0
end_of_record
TN:
SF:routers\users.js
FNF:0
FNH:0
DA:1,4
DA:3,4
DA:5,4
DA:6,4
DA:7,4
DA:8,4
DA:9,4
LF:7
LH:7
BRF:0
BRH:0
end_of_record
